<?xml version="1.0" encoding="UTF-8"?>
<testsuite name="com.example.todoapp.task.TaskRepositoryTest" tests="5" skipped="0" failures="0" errors="0" timestamp="2025-04-30T10:04:41.444Z" hostname="Ubuntu" time="0.516">
  <properties/>
  <testcase name="findSetTest()" classname="com.example.todoapp.task.TaskRepositoryTest" time="0.481"/>
  <testcase name="updateTest()" classname="com.example.todoapp.task.TaskRepositoryTest" time="0.011"/>
  <testcase name="findByIdTest()" classname="com.example.todoapp.task.TaskRepositoryTest" time="0.006"/>
  <testcase name="createTest()" classname="com.example.todoapp.task.TaskRepositoryTest" time="0.003"/>
  <testcase name="deleteTest()" classname="com.example.todoapp.task.TaskRepositoryTest" time="0.01"/>
  <system-out><![CDATA[10:04:40.017 [Test worker] INFO org.springframework.test.context.support.AnnotationConfigContextLoaderUtils -- Could not detect default configuration classes for test class [com.example.todoapp.task.TaskRepositoryTest]: TaskRepositoryTest does not declare any static, non-private, non-final, nested classes annotated with @Configuration.
10:04:40.090 [Test worker] INFO org.springframework.boot.test.context.SpringBootTestContextBootstrapper -- Found @SpringBootConfiguration com.example.todoapp.TodoappApplication for test class com.example.todoapp.task.TaskRepositoryTest

  .   ____          _            __ _ _
 /\\ / ___'_ __ _ _(_)_ __  __ _ \ \ \ \
( ( )\___ | '_ | '_| | '_ \/ _` | \ \ \ \
 \\/  ___)| |_)| | | | | || (_| |  ) ) ) )
  '  |____| .__|_| |_|_| |_\__, | / / / /
 =========|_|==============|___/=/_/_/_/

 :: Spring Boot ::                (v3.4.5)

2025-04-30T10:04:40.385Z  INFO 42216 --- [todoapp] [    Test worker] c.e.todoapp.task.TaskRepositoryTest      : Starting TaskRepositoryTest using Java 21.0.7 with PID 42216 (started by vboxuser in /home/vboxuser/Desktop/ToDoApp)
2025-04-30T10:04:40.386Z  INFO 42216 --- [todoapp] [    Test worker] c.e.todoapp.task.TaskRepositoryTest      : No active profile set, falling back to 1 default profile: "default"
2025-04-30T10:04:40.905Z  INFO 42216 --- [todoapp] [    Test worker] com.zaxxer.hikari.HikariDataSource       : HikariPool-1 - Starting...
2025-04-30T10:04:41.039Z  INFO 42216 --- [todoapp] [    Test worker] com.zaxxer.hikari.pool.HikariPool        : HikariPool-1 - Added connection org.postgresql.jdbc.PgConnection@6842c101
2025-04-30T10:04:41.040Z  INFO 42216 --- [todoapp] [    Test worker] com.zaxxer.hikari.HikariDataSource       : HikariPool-1 - Start completed.
2025-04-30T10:04:41.333Z  WARN 42216 --- [todoapp] [    Test worker] .s.s.UserDetailsServiceAutoConfiguration : 

Using generated security password: fe7883c2-b34e-4bd7-bc8e-e607f9826041

This generated password is for development use only. Your security configuration must be updated before running your application in production.

2025-04-30T10:04:41.340Z  INFO 42216 --- [todoapp] [    Test worker] r$InitializeUserDetailsManagerConfigurer : Global AuthenticationManager configured with UserDetailsService bean with name inMemoryUserDetailsManager
2025-04-30T10:04:41.434Z  INFO 42216 --- [todoapp] [    Test worker] c.e.todoapp.task.TaskRepositoryTest      : Started TaskRepositoryTest in 1.252 seconds (process running for 2.043)
]]></system-out>
  <system-err><![CDATA[Mockito is currently self-attaching to enable the inline-mock-maker. This will no longer work in future releases of the JDK. Please add Mockito as an agent to your build what is described in Mockito's documentation: https://javadoc.io/doc/org.mockito/mockito-core/latest/org/mockito/Mockito.html#0.3
WARNING: A Java agent has been loaded dynamically (/home/vboxuser/.gradle/caches/modules-2/files-2.1/net.bytebuddy/byte-buddy-agent/1.15.11/a38b16385e867f59a641330f0362ebe742788ed8/byte-buddy-agent-1.15.11.jar)
WARNING: If a serviceability tool is in use, please run with -XX:+EnableDynamicAgentLoading to hide this warning
WARNING: If a serviceability tool is not in use, please run with -Djdk.instrument.traceUsage for more information
WARNING: Dynamic loading of agents will be disallowed by default in a future release
]]></system-err>
</testsuite>
