<?xml version="1.0" encoding="UTF-8"?>
<testsuite name="com.example.todoapp.task.TestMapperTest" tests="2" skipped="0" failures="0" errors="0" timestamp="2025-05-02T17:38:56.445Z" hostname="Ubuntu" time="0.012">
  <properties/>
  <testcase name="toDTOTest()" classname="com.example.todoapp.task.TestMapperTest" time="0.01"/>
  <testcase name="fromDTOTest()" classname="com.example.todoapp.task.TestMapperTest" time="0.0"/>
  <system-out><![CDATA[]]></system-out>
  <system-err><![CDATA[]]></system-err>
</testsuite>
