<?xml version="1.0" encoding="UTF-8"?>
<testsuite name="com.example.todoapp.user.UserRepositoryTest" tests="2" skipped="0" failures="0" errors="0" timestamp="2025-04-28T20:05:56.107Z" hostname="Ubuntu" time="0.547">
  <properties/>
  <testcase name="createFindAllTest()" classname="com.example.todoapp.user.UserRepositoryTest" time="0.538"/>
  <testcase name="createTest()" classname="com.example.todoapp.user.UserRepositoryTest" time="0.007"/>
  <system-out><![CDATA[20:05:54.710 [Test worker] INFO org.springframework.test.context.support.AnnotationConfigContextLoaderUtils -- Could not detect default configuration classes for test class [com.example.todoapp.user.UserRepositoryTest]: UserRepositoryTest does not declare any static, non-private, non-final, nested classes annotated with @Configuration.
20:05:54.769 [Test worker] INFO org.springframework.boot.test.context.SpringBootTestContextBootstrapper -- Found @SpringBootConfiguration com.example.todoapp.TodoappApplication for test class com.example.todoapp.user.UserRepositoryTest

  .   ____          _            __ _ _
 /\\ / ___'_ __ _ _(_)_ __  __ _ \ \ \ \
( ( )\___ | '_ | '_| | '_ \/ _` | \ \ \ \
 \\/  ___)| |_)| | | | | || (_| |  ) ) ) )
  '  |____| .__|_| |_|_| |_\__, | / / / /
 =========|_|==============|___/=/_/_/_/

 :: Spring Boot ::                (v3.4.5)

2025-04-28T20:05:55.010Z  INFO 24218 --- [todoapp] [    Test worker] c.e.todoapp.user.UserRepositoryTest      : Starting UserRepositoryTest using Java 21.0.7 with PID 24218 (started by vboxuser in /home/vboxuser/Desktop/ToDoApp)
2025-04-28T20:05:55.011Z  INFO 24218 --- [todoapp] [    Test worker] c.e.todoapp.user.UserRepositoryTest      : No active profile set, falling back to 1 default profile: "default"
2025-04-28T20:05:55.518Z  INFO 24218 --- [todoapp] [    Test worker] com.zaxxer.hikari.HikariDataSource       : HikariPool-1 - Starting...
2025-04-28T20:05:55.632Z  INFO 24218 --- [todoapp] [    Test worker] com.zaxxer.hikari.pool.HikariPool        : HikariPool-1 - Added connection org.postgresql.jdbc.PgConnection@79627d27
2025-04-28T20:05:55.633Z  INFO 24218 --- [todoapp] [    Test worker] com.zaxxer.hikari.HikariDataSource       : HikariPool-1 - Start completed.
2025-04-28T20:05:55.941Z  WARN 24218 --- [todoapp] [    Test worker] .s.s.UserDetailsServiceAutoConfiguration : 

Using generated security password: 548baf1b-5877-404b-b1e6-1d55438aa2c7

This generated password is for development use only. Your security configuration must be updated before running your application in production.

2025-04-28T20:05:55.950Z  INFO 24218 --- [todoapp] [    Test worker] r$InitializeUserDetailsManagerConfigurer : Global AuthenticationManager configured with UserDetailsService bean with name inMemoryUserDetailsManager
2025-04-28T20:05:56.095Z  INFO 24218 --- [todoapp] [    Test worker] c.e.todoapp.user.UserRepositoryTest      : Started UserRepositoryTest in 1.247 seconds (process running for 1.904)
]]></system-out>
  <system-err><![CDATA[Mockito is currently self-attaching to enable the inline-mock-maker. This will no longer work in future releases of the JDK. Please add Mockito as an agent to your build what is described in Mockito's documentation: https://javadoc.io/doc/org.mockito/mockito-core/latest/org/mockito/Mockito.html#0.3
WARNING: A Java agent has been loaded dynamically (/home/vboxuser/.gradle/caches/modules-2/files-2.1/net.bytebuddy/byte-buddy-agent/1.15.11/a38b16385e867f59a641330f0362ebe742788ed8/byte-buddy-agent-1.15.11.jar)
WARNING: If a serviceability tool is in use, please run with -XX:+EnableDynamicAgentLoading to hide this warning
WARNING: If a serviceability tool is not in use, please run with -Djdk.instrument.traceUsage for more information
WARNING: Dynamic loading of agents will be disallowed by default in a future release
]]></system-err>
</testsuite>
