<?xml version="1.0" encoding="UTF-8"?>
<testsuite name="com.example.todoapp.user.UserControllerTest" tests="1" skipped="0" failures="0" errors="0" timestamp="2025-05-02T20:21:14.377Z" hostname="Ubuntu" time="0.097">
  <properties/>
  <testcase name="register_OtherException()" classname="com.example.todoapp.user.UserControllerTest" time="0.097"/>
  <system-out><![CDATA[20:21:12.857 [Test worker] INFO org.springframework.test.context.support.AnnotationConfigContextLoaderUtils -- Could not detect default configuration classes for test class [com.example.todoapp.user.UserControllerTest]: UserControllerTest does not declare any static, non-private, non-final, nested classes annotated with @Configuration.
20:21:12.947 [Test worker] INFO org.springframework.boot.test.context.SpringBootTestContextBootstrapper -- Found @SpringBootConfiguration com.example.todoapp.TodoappApplication for test class com.example.todoapp.user.UserControllerTest

  .   ____          _            __ _ _
 /\\ / ___'_ __ _ _(_)_ __  __ _ \ \ \ \
( ( )\___ | '_ | '_| | '_ \/ _` | \ \ \ \
 \\/  ___)| |_)| | | | | || (_| |  ) ) ) )
  '  |____| .__|_| |_|_| |_\__, | / / / /
 =========|_|==============|___/=/_/_/_/

 :: Spring Boot ::                (v3.4.5)

2025-05-02T20:21:13.223Z  INFO 78046 --- [todoapp] [    Test worker] c.e.todoapp.user.UserControllerTest      : Starting UserControllerTest using Java 21.0.7 with PID 78046 (started by vboxuser in /home/vboxuser/Desktop/ToDoApp)
2025-05-02T20:21:13.224Z  INFO 78046 --- [todoapp] [    Test worker] c.e.todoapp.user.UserControllerTest      : No active profile set, falling back to 1 default profile: "default"
2025-05-02T20:21:14.270Z  WARN 78046 --- [todoapp] [    Test worker] .s.s.UserDetailsServiceAutoConfiguration : 

Using generated security password: 4a80377f-d583-4d54-a0c2-7e591801e897

This generated password is for development use only. Your security configuration must be updated before running your application in production.

2025-05-02T20:21:14.274Z  INFO 78046 --- [todoapp] [    Test worker] r$InitializeUserDetailsManagerConfigurer : Global AuthenticationManager configured with UserDetailsService bean with name inMemoryUserDetailsManager
2025-05-02T20:21:14.355Z  INFO 78046 --- [todoapp] [    Test worker] o.s.b.t.m.w.SpringBootMockServletContext : Initializing Spring TestDispatcherServlet ''
2025-05-02T20:21:14.355Z  INFO 78046 --- [todoapp] [    Test worker] o.s.t.web.servlet.TestDispatcherServlet  : Initializing Servlet ''
2025-05-02T20:21:14.356Z  INFO 78046 --- [todoapp] [    Test worker] o.s.t.web.servlet.TestDispatcherServlet  : Completed initialization in 1 ms
2025-05-02T20:21:14.371Z  INFO 78046 --- [todoapp] [    Test worker] c.e.todoapp.user.UserControllerTest      : Started UserControllerTest in 1.348 seconds (process running for 2.035)
]]></system-out>
  <system-err><![CDATA[Mockito is currently self-attaching to enable the inline-mock-maker. This will no longer work in future releases of the JDK. Please add Mockito as an agent to your build as described in Mockito's documentation: https://javadoc.io/doc/org.mockito/mockito-core/latest/org.mockito/org/mockito/Mockito.html#0.3
WARNING: A Java agent has been loaded dynamically (/home/vboxuser/.gradle/caches/modules-2/files-2.1/net.bytebuddy/byte-buddy-agent/1.15.11/a38b16385e867f59a641330f0362ebe742788ed8/byte-buddy-agent-1.15.11.jar)
WARNING: If a serviceability tool is in use, please run with -XX:+EnableDynamicAgentLoading to hide this warning
WARNING: If a serviceability tool is not in use, please run with -Djdk.instrument.traceUsage for more information
WARNING: Dynamic loading of agents will be disallowed by default in a future release
]]></system-err>
</testsuite>
