<?xml version="1.0" encoding="UTF-8"?>
<testsuite name="com.example.todoapp.task.controller.TaskControllerTest" tests="9" skipped="0" failures="0" errors="0" timestamp="2025-05-04T18:49:24.603Z" hostname="Ubuntu" time="0.204">
  <properties/>
  <testcase name="maskTaskAsCompleted()" classname="com.example.todoapp.task.controller.TaskControllerTest" time="0.065"/>
  <testcase name="createTaskTest_Success()" classname="com.example.todoapp.task.controller.TaskControllerTest" time="0.045"/>
  <testcase name="createTaskTest_Failure()" classname="com.example.todoapp.task.controller.TaskControllerTest" time="0.013"/>
  <testcase name="updateTask()" classname="com.example.todoapp.task.controller.TaskControllerTest" time="0.007"/>
  <testcase name="getTasksForUser_Success_EmptyList()" classname="com.example.todoapp.task.controller.TaskControllerTest" time="0.03"/>
  <testcase name="getTasksForUser_Success()" classname="com.example.todoapp.task.controller.TaskControllerTest" time="0.007"/>
  <testcase name="deleteTaskTest_Success()" classname="com.example.todoapp.task.controller.TaskControllerTest" time="0.006"/>
  <testcase name="deleteTaskTest_Failure()" classname="com.example.todoapp.task.controller.TaskControllerTest" time="0.007"/>
  <testcase name="getTaskByIdTest_Success()" classname="com.example.todoapp.task.controller.TaskControllerTest" time="0.011"/>
  <system-out><![CDATA[18:49:22.826 [Test worker] INFO org.springframework.test.context.support.AnnotationConfigContextLoaderUtils -- Could not detect default configuration classes for test class [com.example.todoapp.task.controller.TaskControllerTest]: TaskControllerTest does not declare any static, non-private, non-final, nested classes annotated with @Configuration.
18:49:22.927 [Test worker] INFO org.springframework.boot.test.context.SpringBootTestContextBootstrapper -- Found @SpringBootConfiguration com.example.todoapp.TodoappApplication for test class com.example.todoapp.task.controller.TaskControllerTest

  .   ____          _            __ _ _
 /\\ / ___'_ __ _ _(_)_ __  __ _ \ \ \ \
( ( )\___ | '_ | '_| | '_ \/ _` | \ \ \ \
 \\/  ___)| |_)| | | | | || (_| |  ) ) ) )
  '  |____| .__|_| |_|_| |_\__, | / / / /
 =========|_|==============|___/=/_/_/_/

 :: Spring Boot ::                (v3.4.5)

2025-05-04T18:49:23.160Z  INFO 114379 --- [todoapp] [    Test worker] c.e.t.t.controller.TaskControllerTest    : Starting TaskControllerTest using Java 21.0.7 with PID 114379 (started by vboxuser in /home/vboxuser/Desktop/ToDoApp)
2025-05-04T18:49:23.161Z  INFO 114379 --- [todoapp] [    Test worker] c.e.t.t.controller.TaskControllerTest    : No active profile set, falling back to 1 default profile: "default"
2025-05-04T18:49:24.493Z  WARN 114379 --- [todoapp] [    Test worker] .s.s.UserDetailsServiceAutoConfiguration : 

Using generated security password: a9a11e75-c3dd-4604-a83c-2723092ffc26

This generated password is for development use only. Your security configuration must be updated before running your application in production.

2025-05-04T18:49:24.497Z  INFO 114379 --- [todoapp] [    Test worker] r$InitializeUserDetailsManagerConfigurer : Global AuthenticationManager configured with UserDetailsService bean with name inMemoryUserDetailsManager
2025-05-04T18:49:24.576Z  INFO 114379 --- [todoapp] [    Test worker] o.s.b.t.m.w.SpringBootMockServletContext : Initializing Spring TestDispatcherServlet ''
2025-05-04T18:49:24.577Z  INFO 114379 --- [todoapp] [    Test worker] o.s.t.web.servlet.TestDispatcherServlet  : Initializing Servlet ''
2025-05-04T18:49:24.578Z  INFO 114379 --- [todoapp] [    Test worker] o.s.t.web.servlet.TestDispatcherServlet  : Completed initialization in 1 ms
2025-05-04T18:49:24.596Z  INFO 114379 --- [todoapp] [    Test worker] c.e.t.t.controller.TaskControllerTest    : Started TaskControllerTest in 1.633 seconds (process running for 2.326)
]]></system-out>
  <system-err><![CDATA[Mockito is currently self-attaching to enable the inline-mock-maker. This will no longer work in future releases of the JDK. Please add Mockito as an agent to your build as described in Mockito's documentation: https://javadoc.io/doc/org.mockito/mockito-core/latest/org.mockito/org/mockito/Mockito.html#0.3
WARNING: A Java agent has been loaded dynamically (/home/vboxuser/.gradle/caches/modules-2/files-2.1/net.bytebuddy/byte-buddy-agent/1.15.11/a38b16385e867f59a641330f0362ebe742788ed8/byte-buddy-agent-1.15.11.jar)
WARNING: If a serviceability tool is in use, please run with -XX:+EnableDynamicAgentLoading to hide this warning
WARNING: If a serviceability tool is not in use, please run with -Djdk.instrument.traceUsage for more information
WARNING: Dynamic loading of agents will be disallowed by default in a future release
]]></system-err>
</testsuite>
