<?xml version="1.0" encoding="UTF-8"?>
<testsuite name="com.example.todoapp.task.repository.TaskRepositoryTest" tests="5" skipped="0" failures="0" errors="0" timestamp="2025-05-09T18:19:52.538Z" hostname="Ubuntu" time="0.406">
  <properties/>
  <testcase name="findSetTest()" classname="com.example.todoapp.task.repository.TaskRepositoryTest" time="0.367"/>
  <testcase name="updateTest()" classname="com.example.todoapp.task.repository.TaskRepositoryTest" time="0.012"/>
  <testcase name="createTest()" classname="com.example.todoapp.task.repository.TaskRepositoryTest" time="0.006"/>
  <testcase name="deleteTest()" classname="com.example.todoapp.task.repository.TaskRepositoryTest" time="0.009"/>
  <testcase name="findByPublicIdTest()" classname="com.example.todoapp.task.repository.TaskRepositoryTest" time="0.008"/>
  <system-out><![CDATA[18:19:48.692 [Test worker] INFO org.springframework.test.context.support.AnnotationConfigContextLoaderUtils -- Could not detect default configuration classes for test class [com.example.todoapp.task.repository.TaskRepositoryTest]: TaskRepositoryTest does not declare any static, non-private, non-final, nested classes annotated with @Configuration.
18:19:48.768 [Test worker] INFO org.springframework.boot.test.context.SpringBootTestContextBootstrapper -- Found @SpringBootConfiguration com.example.todoapp.TodoappApplication for test class com.example.todoapp.task.repository.TaskRepositoryTest
18:19:48.832 [Test worker] INFO org.testcontainers.images.PullPolicy -- Image pull policy will be performed by: DefaultPullPolicy()
18:19:48.834 [Test worker] INFO org.testcontainers.utility.ImageNameSubstitutor -- Image name substitution will be performed by: DefaultImageNameSubstitutor (composite of 'ConfigurationFileImageNameSubstitutor' and 'PrefixingImageNameSubstitutor')
18:19:48.840 [Test worker] INFO org.testcontainers.DockerClientFactory -- Testcontainers version: 1.20.6
18:19:48.914 [Test worker] INFO org.testcontainers.dockerclient.DockerClientProviderStrategy -- Loaded org.testcontainers.dockerclient.UnixSocketClientProviderStrategy from ~/.testcontainers.properties, will try it first
18:19:49.085 [Test worker] INFO org.testcontainers.dockerclient.DockerClientProviderStrategy -- Found Docker environment with local Unix socket (unix:///var/run/docker.sock)
18:19:49.090 [Test worker] INFO org.testcontainers.DockerClientFactory -- Docker host IP address is localhost
18:19:49.104 [Test worker] INFO org.testcontainers.DockerClientFactory -- Connected to docker: 
  Server Version: 28.1.1
  API Version: 1.49
  Operating System: Ubuntu 24.04.2 LTS
  Total Memory: 14819 MB
18:19:49.122 [Test worker] INFO tc.testcontainers/ryuk:0.11.0 -- Creating container for image: testcontainers/ryuk:0.11.0
18:19:49.125 [Test worker] INFO org.testcontainers.utility.RegistryAuthLocator -- Failure when attempting to lookup auth config. Please ignore if you don't have images in an authenticated registry. Details: (dockerImageName: testcontainers/ryuk:0.11.0, configFile: /home/vboxuser/.docker/config.json, configEnv: DOCKER_AUTH_CONFIG). Falling back to docker-java default behaviour. Exception message: Status 404: No config supplied. Checked in order: /home/vboxuser/.docker/config.json (file not found), DOCKER_AUTH_CONFIG (not set)
18:19:49.212 [Test worker] INFO tc.testcontainers/ryuk:0.11.0 -- Container testcontainers/ryuk:0.11.0 is starting: 46ac3d1ecd6d075411a9803e1f778b86b0804c82cfd80b4c0e0e4ee7d32d7d0d
18:19:49.389 [Test worker] INFO tc.testcontainers/ryuk:0.11.0 -- Container testcontainers/ryuk:0.11.0 started in PT0.267591162S
18:19:49.392 [Test worker] INFO org.testcontainers.utility.RyukResourceReaper -- Ryuk started - will monitor and terminate Testcontainers containers on JVM exit
18:19:49.393 [Test worker] INFO org.testcontainers.DockerClientFactory -- Checking the system...
18:19:49.393 [Test worker] INFO org.testcontainers.DockerClientFactory -- ✔︎ Docker server version should be at least 1.6.0
18:19:49.393 [Test worker] INFO tc.postgres:latest -- Creating container for image: postgres:latest
18:19:49.413 [Test worker] INFO tc.postgres:latest -- Container postgres:latest is starting: b3f32028a3ce1af682079b90f336bba6b4acb7440fc37d904452a98b33470518
18:19:50.406 [Test worker] INFO tc.postgres:latest -- Container postgres:latest started in PT1.012629503S
18:19:50.407 [Test worker] INFO tc.postgres:latest -- Container is started (JDBC URL: jdbc:postgresql://localhost:32861/testdb?loggerLevel=OFF)
18:19:50.415 [Test worker] INFO org.testcontainers.ext.ScriptUtils -- Executing database script from sql/schema.sql
18:19:50.536 [Test worker] INFO org.testcontainers.ext.ScriptUtils -- Executed database script from sql/schema.sql in 120 ms.

  .   ____          _            __ _ _
 /\\ / ___'_ __ _ _(_)_ __  __ _ \ \ \ \
( ( )\___ | '_ | '_| | '_ \/ _` | \ \ \ \
 \\/  ___)| |_)| | | | | || (_| |  ) ) ) )
  '  |____| .__|_| |_|_| |_\__, | / / / /
 =========|_|==============|___/=/_/_/_/

 :: Spring Boot ::                (v3.4.5)

2025-05-09T18:19:50.717Z  INFO 170740 --- [todoapp] [    Test worker] c.e.t.t.repository.TaskRepositoryTest    : Starting TaskRepositoryTest using Java 21.0.7 with PID 170740 (started by vboxuser in /home/vboxuser/Desktop/ToDoApp)
2025-05-09T18:19:50.718Z  INFO 170740 --- [todoapp] [    Test worker] c.e.t.t.repository.TaskRepositoryTest    : No active profile set, falling back to 1 default profile: "default"
2025-05-09T18:19:51.103Z  INFO 170740 --- [todoapp] [    Test worker] .s.d.r.c.RepositoryConfigurationDelegate : Bootstrapping Spring Data JPA repositories in DEFAULT mode.
2025-05-09T18:19:51.117Z  INFO 170740 --- [todoapp] [    Test worker] .s.d.r.c.RepositoryConfigurationDelegate : Finished Spring Data repository scanning in 8 ms. Found 0 JPA repository interfaces.
2025-05-09T18:19:51.332Z  INFO 170740 --- [todoapp] [    Test worker] com.zaxxer.hikari.HikariDataSource       : HikariPool-1 - Starting...
2025-05-09T18:19:51.350Z  INFO 170740 --- [todoapp] [    Test worker] com.zaxxer.hikari.pool.HikariPool        : HikariPool-1 - Added connection org.postgresql.jdbc.PgConnection@5b23c1f6
2025-05-09T18:19:51.351Z  INFO 170740 --- [todoapp] [    Test worker] com.zaxxer.hikari.HikariDataSource       : HikariPool-1 - Start completed.
2025-05-09T18:19:51.407Z  INFO 170740 --- [todoapp] [    Test worker] o.hibernate.jpa.internal.util.LogHelper  : HHH000204: Processing PersistenceUnitInfo [name: default]
2025-05-09T18:19:51.428Z  INFO 170740 --- [todoapp] [    Test worker] org.hibernate.Version                    : HHH000412: Hibernate ORM core version 6.6.13.Final
2025-05-09T18:19:51.442Z  INFO 170740 --- [todoapp] [    Test worker] o.h.c.internal.RegionFactoryInitiator    : HHH000026: Second-level cache disabled
2025-05-09T18:19:51.567Z  INFO 170740 --- [todoapp] [    Test worker] o.s.o.j.p.SpringPersistenceUnitInfo      : No LoadTimeWeaver setup: ignoring JPA class transformer
2025-05-09T18:19:51.607Z  INFO 170740 --- [todoapp] [    Test worker] org.hibernate.orm.connections.pooling    : HHH10001005: Database info:
	Database JDBC URL [Connecting through datasource 'HikariDataSource (HikariPool-1)']
	Database driver: undefined/unknown
	Database version: 17.4
	Autocommit mode: undefined/unknown
	Isolation level: undefined/unknown
	Minimum pool size: undefined/unknown
	Maximum pool size: undefined/unknown
2025-05-09T18:19:51.997Z  INFO 170740 --- [todoapp] [    Test worker] o.h.e.t.j.p.i.JtaPlatformInitiator       : HHH000489: No JTA platform available (set 'hibernate.transaction.jta.platform' to enable JTA platform integration)
2025-05-09T18:19:51.999Z  INFO 170740 --- [todoapp] [    Test worker] j.LocalContainerEntityManagerFactoryBean : Initialized JPA EntityManagerFactory for persistence unit 'default'
2025-05-09T18:19:52.112Z  WARN 170740 --- [todoapp] [    Test worker] JpaBaseConfiguration$JpaWebConfiguration : spring.jpa.open-in-view is enabled by default. Therefore, database queries may be performed during view rendering. Explicitly configure spring.jpa.open-in-view to disable this warning
2025-05-09T18:19:52.131Z  WARN 170740 --- [todoapp] [    Test worker] .s.s.UserDetailsServiceAutoConfiguration : 

Using generated security password: dca6eabb-49bf-40b5-a013-2f568bdb8545

This generated password is for development use only. Your security configuration must be updated before running your application in production.

2025-05-09T18:19:52.134Z  INFO 170740 --- [todoapp] [    Test worker] r$InitializeUserDetailsManagerConfigurer : Global AuthenticationManager configured with UserDetailsService bean with name inMemoryUserDetailsManager
2025-05-09T18:19:52.346Z  INFO 170740 --- [todoapp] [    Test worker] o.s.v.b.OptionalValidatorFactoryBean     : Failed to set up a Bean Validation provider: jakarta.validation.NoProviderFoundException: Unable to create a Configuration, because no Jakarta Bean Validation provider could be found. Add a provider like Hibernate Validator (RI) to your classpath.
2025-05-09T18:19:52.524Z  INFO 170740 --- [todoapp] [    Test worker] c.e.t.t.repository.TaskRepositoryTest    : Started TaskRepositoryTest in 1.968 seconds (process running for 4.366)
]]></system-out>
  <system-err><![CDATA[Mockito is currently self-attaching to enable the inline-mock-maker. This will no longer work in future releases of the JDK. Please add Mockito as an agent to your build as described in Mockito's documentation: https://javadoc.io/doc/org.mockito/mockito-core/latest/org.mockito/org/mockito/Mockito.html#0.3
WARNING: A Java agent has been loaded dynamically (/home/vboxuser/.gradle/caches/modules-2/files-2.1/net.bytebuddy/byte-buddy-agent/1.15.11/a38b16385e867f59a641330f0362ebe742788ed8/byte-buddy-agent-1.15.11.jar)
WARNING: If a serviceability tool is in use, please run with -XX:+EnableDynamicAgentLoading to hide this warning
WARNING: If a serviceability tool is not in use, please run with -Djdk.instrument.traceUsage for more information
WARNING: Dynamic loading of agents will be disallowed by default in a future release
]]></system-err>
</testsuite>
