<?xml version="1.0" encoding="UTF-8"?>
<testsuite name="com.example.todoapp.task.TaskControllerTest" tests="1" skipped="0" failures="1" errors="0" timestamp="2025-05-03T15:51:50.027Z" hostname="Ubuntu" time="0.059">
  <properties/>
  <testcase name="createTask_Success()" classname="com.example.todoapp.task.TaskControllerTest" time="0.059">
    <failure message="java.lang.AssertionError: Status expected:&lt;201&gt; but was:&lt;403&gt;" type="java.lang.AssertionError">java.lang.AssertionError: Status expected:&lt;201&gt; but was:&lt;403&gt;
	at org.springframework.test.util.AssertionErrors.fail(AssertionErrors.java:61)
	at org.springframework.test.util.AssertionErrors.assertEquals(AssertionErrors.java:128)
	at org.springframework.test.web.servlet.result.StatusResultMatchers.lambda$matcher$9(StatusResultMatchers.java:640)
	at org.springframework.test.web.servlet.MockMvc$1.andExpect(MockMvc.java:214)
	at com.example.todoapp.task.TaskControllerTest.createTask_Success(TaskControllerTest.java:58)
	at java.base/java.lang.reflect.Method.invoke(Method.java:580)
	at java.base/java.util.ArrayList.forEach(ArrayList.java:1596)
	at java.base/java.util.ArrayList.forEach(ArrayList.java:1596)
</failure>
  </testcase>
  <system-out><![CDATA[15:51:48.591 [Test worker] INFO org.springframework.test.context.support.AnnotationConfigContextLoaderUtils -- Could not detect default configuration classes for test class [com.example.todoapp.task.TaskControllerTest]: TaskControllerTest does not declare any static, non-private, non-final, nested classes annotated with @Configuration.
15:51:48.678 [Test worker] INFO org.springframework.boot.test.context.SpringBootTestContextBootstrapper -- Found @SpringBootConfiguration com.example.todoapp.TodoappApplication for test class com.example.todoapp.task.TaskControllerTest

  .   ____          _            __ _ _
 /\\ / ___'_ __ _ _(_)_ __  __ _ \ \ \ \
( ( )\___ | '_ | '_| | '_ \/ _` | \ \ \ \
 \\/  ___)| |_)| | | | | || (_| |  ) ) ) )
  '  |____| .__|_| |_|_| |_\__, | / / / /
 =========|_|==============|___/=/_/_/_/

 :: Spring Boot ::                (v3.4.5)

2025-05-03T15:51:48.946Z  INFO 82012 --- [todoapp] [    Test worker] c.e.todoapp.task.TaskControllerTest      : Starting TaskControllerTest using Java 21.0.7 with PID 82012 (started by vboxuser in /home/vboxuser/Desktop/ToDoApp)
2025-05-03T15:51:48.947Z  INFO 82012 --- [todoapp] [    Test worker] c.e.todoapp.task.TaskControllerTest      : No active profile set, falling back to 1 default profile: "default"
2025-05-03T15:51:49.912Z  WARN 82012 --- [todoapp] [    Test worker] .s.s.UserDetailsServiceAutoConfiguration : 

Using generated security password: 105eeb6f-f3fa-4034-a03c-1b47c06b72ef

This generated password is for development use only. Your security configuration must be updated before running your application in production.

2025-05-03T15:51:49.923Z  INFO 82012 --- [todoapp] [    Test worker] r$InitializeUserDetailsManagerConfigurer : Global AuthenticationManager configured with UserDetailsService bean with name inMemoryUserDetailsManager
2025-05-03T15:51:50.006Z  INFO 82012 --- [todoapp] [    Test worker] o.s.b.t.m.w.SpringBootMockServletContext : Initializing Spring TestDispatcherServlet ''
2025-05-03T15:51:50.006Z  INFO 82012 --- [todoapp] [    Test worker] o.s.t.web.servlet.TestDispatcherServlet  : Initializing Servlet ''
2025-05-03T15:51:50.007Z  INFO 82012 --- [todoapp] [    Test worker] o.s.t.web.servlet.TestDispatcherServlet  : Completed initialization in 1 ms
2025-05-03T15:51:50.021Z  INFO 82012 --- [todoapp] [    Test worker] c.e.todoapp.task.TaskControllerTest      : Started TaskControllerTest in 1.268 seconds (process running for 1.91)

MockHttpServletRequest:
      HTTP Method = POST
      Request URI = /api/tasks
       Parameters = {}
          Headers = [Content-Type:"application/json;charset=UTF-8", Content-Length:"274"]
             Body = {"id":null,"name":"username","deadline":{"year":2025,"month":"MAY","monthValue":5,"dayOfMonth":4,"leapYear":false,"dayOfWeek":"SUNDAY","dayOfYear":124,"era":"CE","chronology":{"id":"ISO","calendarType":"iso8601","isoBased":true}},"priority":2,"complete":false,"userId":null}
    Session Attrs = {org.springframework.security.web.csrf.HttpSessionCsrfTokenRepository.CSRF_TOKEN=org.springframework.security.web.csrf.DefaultCsrfToken@2a99fa07}

Handler:
             Type = null

Async:
    Async started = false
     Async result = null

Resolved Exception:
             Type = null

ModelAndView:
        View name = null
             View = null
            Model = null

FlashMap:
       Attributes = null

MockHttpServletResponse:
           Status = 403
    Error message = Forbidden
          Headers = [X-Content-Type-Options:"nosniff", X-XSS-Protection:"0", Cache-Control:"no-cache, no-store, max-age=0, must-revalidate", Pragma:"no-cache", Expires:"0", X-Frame-Options:"DENY"]
     Content type = null
             Body = 
    Forwarded URL = null
   Redirected URL = null
          Cookies = []
]]></system-out>
  <system-err><![CDATA[Mockito is currently self-attaching to enable the inline-mock-maker. This will no longer work in future releases of the JDK. Please add Mockito as an agent to your build as described in Mockito's documentation: https://javadoc.io/doc/org.mockito/mockito-core/latest/org.mockito/org/mockito/Mockito.html#0.3
WARNING: A Java agent has been loaded dynamically (/home/vboxuser/.gradle/caches/modules-2/files-2.1/net.bytebuddy/byte-buddy-agent/1.15.11/a38b16385e867f59a641330f0362ebe742788ed8/byte-buddy-agent-1.15.11.jar)
WARNING: If a serviceability tool is in use, please run with -XX:+EnableDynamicAgentLoading to hide this warning
WARNING: If a serviceability tool is not in use, please run with -Djdk.instrument.traceUsage for more information
WARNING: Dynamic loading of agents will be disallowed by default in a future release
]]></system-err>
</testsuite>
