<?xml version="1.0" encoding="UTF-8"?>
<testsuite name="com.example.todoapp.user.UserControllerTest" tests="5" skipped="0" failures="1" errors="0" timestamp="2025-05-02T19:20:14.855Z" hostname="Ubuntu" time="0.187">
  <properties/>
  <testcase name="register_OtherException()" classname="com.example.todoapp.user.UserControllerTest" time="0.034">
    <failure message="org.mockito.exceptions.base.MockitoException: &#10;Checked exception is invalid for this method!&#10;Invalid: java.lang.Exception" type="org.mockito.exceptions.base.MockitoException">org.mockito.exceptions.base.MockitoException: 
Checked exception is invalid for this method!
Invalid: java.lang.Exception
	at app//com.example.todoapp.user.UserService.registerUser(UserService.java:27)
	at app//com.example.todoapp.user.UserControllerTest.register_OtherException(UserControllerTest.java:111)
	at java.base@21.0.7/java.lang.reflect.Method.invoke(Method.java:580)
	at java.base@21.0.7/java.util.ArrayList.forEach(ArrayList.java:1596)
	at java.base@21.0.7/java.util.ArrayList.forEach(ArrayList.java:1596)
</failure>
  </testcase>
  <testcase name="loginTest_Success()" classname="com.example.todoapp.user.UserControllerTest" time="0.115"/>
  <testcase name="registerUserTest()" classname="com.example.todoapp.user.UserControllerTest" time="0.011"/>
  <testcase name="register_InvalidInputs()" classname="com.example.todoapp.user.UserControllerTest" time="0.011"/>
  <testcase name="loginTest_Failure()" classname="com.example.todoapp.user.UserControllerTest" time="0.007"/>
  <system-out><![CDATA[19:20:13.198 [Test worker] INFO org.springframework.test.context.support.AnnotationConfigContextLoaderUtils -- Could not detect default configuration classes for test class [com.example.todoapp.user.UserControllerTest]: UserControllerTest does not declare any static, non-private, non-final, nested classes annotated with @Configuration.
19:20:13.345 [Test worker] INFO org.springframework.boot.test.context.SpringBootTestContextBootstrapper -- Found @SpringBootConfiguration com.example.todoapp.TodoappApplication for test class com.example.todoapp.user.UserControllerTest

  .   ____          _            __ _ _
 /\\ / ___'_ __ _ _(_)_ __  __ _ \ \ \ \
( ( )\___ | '_ | '_| | '_ \/ _` | \ \ \ \
 \\/  ___)| |_)| | | | | || (_| |  ) ) ) )
  '  |____| .__|_| |_|_| |_\__, | / / / /
 =========|_|==============|___/=/_/_/_/

 :: Spring Boot ::                (v3.4.5)

2025-05-02T19:20:12.264Z  INFO 72809 --- [    Test worker] c.e.todoapp.user.UserControllerTest      : Starting UserControllerTest using Java 21.0.7 with PID 72809 (started by vboxuser in /home/vboxuser/Desktop/ToDoApp)
2025-05-02T19:20:12.265Z  INFO 72809 --- [    Test worker] c.e.todoapp.user.UserControllerTest      : No active profile set, falling back to 1 default profile: "default"
2025-05-02T19:20:13.342Z  WARN 72809 --- [    Test worker] .s.s.UserDetailsServiceAutoConfiguration : 

Using generated security password: d8d0b837-9515-46e2-b8db-df4a0c563126

This generated password is for development use only. Your security configuration must be updated before running your application in production.

2025-05-02T19:20:13.346Z  INFO 72809 --- [    Test worker] r$InitializeUserDetailsManagerConfigurer : Global AuthenticationManager configured with UserDetailsService bean with name inMemoryUserDetailsManager
2025-05-02T19:20:13.434Z  INFO 72809 --- [    Test worker] o.s.b.t.m.w.SpringBootMockServletContext : Initializing Spring TestDispatcherServlet ''
2025-05-02T19:20:13.434Z  INFO 72809 --- [    Test worker] o.s.t.web.servlet.TestDispatcherServlet  : Initializing Servlet ''
2025-05-02T19:20:13.435Z  INFO 72809 --- [    Test worker] o.s.t.web.servlet.TestDispatcherServlet  : Completed initialization in 1 ms
2025-05-02T19:20:13.451Z  INFO 72809 --- [    Test worker] c.e.todoapp.user.UserControllerTest      : Started UserControllerTest in -0.004 seconds (process running for 2.289)
]]></system-out>
  <system-err><![CDATA[Mockito is currently self-attaching to enable the inline-mock-maker. This will no longer work in future releases of the JDK. Please add Mockito as an agent to your build as described in Mockito's documentation: https://javadoc.io/doc/org.mockito/mockito-core/latest/org.mockito/org/mockito/Mockito.html#0.3
WARNING: A Java agent has been loaded dynamically (/home/vboxuser/.gradle/caches/modules-2/files-2.1/net.bytebuddy/byte-buddy-agent/1.15.11/a38b16385e867f59a641330f0362ebe742788ed8/byte-buddy-agent-1.15.11.jar)
WARNING: If a serviceability tool is in use, please run with -XX:+EnableDynamicAgentLoading to hide this warning
WARNING: If a serviceability tool is not in use, please run with -Djdk.instrument.traceUsage for more information
WARNING: Dynamic loading of agents will be disallowed by default in a future release
]]></system-err>
</testsuite>
