<?xml version="1.0" encoding="UTF-8"?>
<testsuite name="com.example.todoapp.task.controller.TaskControllerTest" tests="9" skipped="0" failures="0" errors="0" timestamp="2025-05-08T16:11:37.614Z" hostname="Ubuntu" time="0.192">
  <properties/>
  <testcase name="maskTaskAsCompleted()" classname="com.example.todoapp.task.controller.TaskControllerTest" time="0.061"/>
  <testcase name="createTaskTest_Success()" classname="com.example.todoapp.task.controller.TaskControllerTest" time="0.042"/>
  <testcase name="createTaskTest_Failure()" classname="com.example.todoapp.task.controller.TaskControllerTest" time="0.015"/>
  <testcase name="updateTask()" classname="com.example.todoapp.task.controller.TaskControllerTest" time="0.007"/>
  <testcase name="getTasksForUser_Success_EmptyList()" classname="com.example.todoapp.task.controller.TaskControllerTest" time="0.032"/>
  <testcase name="getTasksForUser_Success()" classname="com.example.todoapp.task.controller.TaskControllerTest" time="0.007"/>
  <testcase name="deleteTaskTest_Success()" classname="com.example.todoapp.task.controller.TaskControllerTest" time="0.005"/>
  <testcase name="deleteTaskTest_Failure()" classname="com.example.todoapp.task.controller.TaskControllerTest" time="0.005"/>
  <testcase name="getTaskByIdTest_Success()" classname="com.example.todoapp.task.controller.TaskControllerTest" time="0.008"/>
  <system-out><![CDATA[16:11:36.100 [Test worker] INFO org.springframework.test.context.support.AnnotationConfigContextLoaderUtils -- Could not detect default configuration classes for test class [com.example.todoapp.task.controller.TaskControllerTest]: TaskControllerTest does not declare any static, non-private, non-final, nested classes annotated with @Configuration.
16:11:36.192 [Test worker] INFO org.springframework.boot.test.context.SpringBootTestContextBootstrapper -- Found @SpringBootConfiguration com.example.todoapp.TodoappApplication for test class com.example.todoapp.task.controller.TaskControllerTest

  .   ____          _            __ _ _
 /\\ / ___'_ __ _ _(_)_ __  __ _ \ \ \ \
( ( )\___ | '_ | '_| | '_ \/ _` | \ \ \ \
 \\/  ___)| |_)| | | | | || (_| |  ) ) ) )
  '  |____| .__|_| |_|_| |_\__, | / / / /
 =========|_|==============|___/=/_/_/_/

 :: Spring Boot ::                (v3.4.5)

2025-05-08T16:11:36.412Z  INFO 143640 --- [todoapp] [    Test worker] c.e.t.t.controller.TaskControllerTest    : Starting TaskControllerTest using Java 21.0.7 with PID 143640 (started by vboxuser in /home/vboxuser/Desktop/ToDoApp)
2025-05-08T16:11:36.413Z  INFO 143640 --- [todoapp] [    Test worker] c.e.t.t.controller.TaskControllerTest    : No active profile set, falling back to 1 default profile: "default"
2025-05-08T16:11:37.503Z  WARN 143640 --- [todoapp] [    Test worker] .s.s.UserDetailsServiceAutoConfiguration : 

Using generated security password: fc573257-13cb-4756-bfc1-d60fa53a28f6

This generated password is for development use only. Your security configuration must be updated before running your application in production.

2025-05-08T16:11:37.506Z  INFO 143640 --- [todoapp] [    Test worker] r$InitializeUserDetailsManagerConfigurer : Global AuthenticationManager configured with UserDetailsService bean with name inMemoryUserDetailsManager
2025-05-08T16:11:37.586Z  INFO 143640 --- [todoapp] [    Test worker] o.s.b.t.m.w.SpringBootMockServletContext : Initializing Spring TestDispatcherServlet ''
2025-05-08T16:11:37.586Z  INFO 143640 --- [todoapp] [    Test worker] o.s.t.web.servlet.TestDispatcherServlet  : Initializing Servlet ''
2025-05-08T16:11:37.587Z  INFO 143640 --- [todoapp] [    Test worker] o.s.t.web.servlet.TestDispatcherServlet  : Completed initialization in 0 ms
2025-05-08T16:11:37.608Z  INFO 143640 --- [todoapp] [    Test worker] c.e.t.t.controller.TaskControllerTest    : Started TaskControllerTest in 1.383 seconds (process running for 2.037)
]]></system-out>
  <system-err><![CDATA[Mockito is currently self-attaching to enable the inline-mock-maker. This will no longer work in future releases of the JDK. Please add Mockito as an agent to your build as described in Mockito's documentation: https://javadoc.io/doc/org.mockito/mockito-core/latest/org.mockito/org/mockito/Mockito.html#0.3
WARNING: A Java agent has been loaded dynamically (/home/vboxuser/.gradle/caches/modules-2/files-2.1/net.bytebuddy/byte-buddy-agent/1.15.11/a38b16385e867f59a641330f0362ebe742788ed8/byte-buddy-agent-1.15.11.jar)
WARNING: If a serviceability tool is in use, please run with -XX:+EnableDynamicAgentLoading to hide this warning
WARNING: If a serviceability tool is not in use, please run with -Djdk.instrument.traceUsage for more information
WARNING: Dynamic loading of agents will be disallowed by default in a future release
]]></system-err>
</testsuite>
